[debug] [2025-03-19T21:32:40.843Z] ----------------------------------------------------------------------
[debug] [2025-03-19T21:32:40.845Z] Command:       /Users/jimnguyen/.nvm/versions/node/v22.14.0/bin/node /Users/jimnguyen/.nvm/versions/node/v17.9.1/bin/firebase init
[debug] [2025-03-19T21:32:40.845Z] CLI Version:   13.34.0
[debug] [2025-03-19T21:32:40.845Z] Platform:      darwin
[debug] [2025-03-19T21:32:40.845Z] Node Version:  v22.14.0
[debug] [2025-03-19T21:32:40.846Z] Time:          Wed Mar 19 2025 17:32:40 GMT-0400 (Eastern Daylight Time)
[debug] [2025-03-19T21:32:40.846Z] ----------------------------------------------------------------------
[debug] 
[debug] [2025-03-19T21:32:40.847Z] >>> [apiv2][query] GET https://firebase-public.firebaseio.com/cli.json [none]
[debug] [2025-03-19T21:32:40.878Z] > command requires scopes: ["email","openid","https://www.googleapis.com/auth/cloudplatformprojects.readonly","https://www.googleapis.com/auth/firebase","https://www.googleapis.com/auth/cloud-platform"]
[debug] [2025-03-19T21:32:40.878Z] > authorizing via signed-in user (jimbcis@gmail.com)
[info] 
     ######## #### ########  ######## ########     ###     ######  ########
     ##        ##  ##     ## ##       ##     ##  ##   ##  ##       ##
     ######    ##  ########  ######   ########  #########  ######  ######
     ##        ##  ##    ##  ##       ##     ## ##     ##       ## ##
     ##       #### ##     ## ######## ########  ##     ##  ######  ########

You're about to initialize a Firebase project in this directory:

  /Users/jimnguyen/Desktop/Data Science/unc-purity-test

[debug] [2025-03-19T21:32:40.995Z] <<< [apiv2][status] GET https://firebase-public.firebaseio.com/cli.json 200
[debug] [2025-03-19T21:32:40.995Z] <<< [apiv2][body] GET https://firebase-public.firebaseio.com/cli.json {"cloudBuildErrorAfter":1594252800000,"cloudBuildWarnAfter":1590019200000,"defaultNode10After":1594252800000,"minVersion":"3.0.5","node8DeploysDisabledAfter":1613390400000,"node8RuntimeDisabledAfter":1615809600000,"node8WarnAfter":1600128000000}
[info] 
=== Project Setup
[info] 
[info] First, let's associate this project directory with a Firebase project.
[info] You can create multiple project aliases by running firebase use --add, 
[info] but for now we'll just set up a default project.
[info] 
[info] i  If you want to create a project in a Google Cloud organization or folder, please use "firebase projects:create" instead, and return to this command when you've created the project. 
[debug] [2025-03-19T21:34:00.614Z] Checked if tokens are valid: false, expires at: 1731183430804
[debug] [2025-03-19T21:34:00.614Z] Checked if tokens are valid: false, expires at: 1731183430804
[debug] [2025-03-19T21:34:00.614Z] > refreshing access token with scopes: []
[debug] [2025-03-19T21:34:00.615Z] >>> [apiv2][query] POST https://www.googleapis.com/oauth2/v3/token [none]
[debug] [2025-03-19T21:34:00.615Z] >>> [apiv2][body] POST https://www.googleapis.com/oauth2/v3/token [omitted]
[debug] [2025-03-19T21:34:00.707Z] <<< [apiv2][status] POST https://www.googleapis.com/oauth2/v3/token 400
[debug] [2025-03-19T21:34:00.707Z] <<< [apiv2][body] POST https://www.googleapis.com/oauth2/v3/token [omitted]
[debug] [2025-03-19T21:34:00.707Z] >>> [apiv2][query] POST https://cloudresourcemanager.googleapis.com/v1/projects [none]
[debug] [2025-03-19T21:34:00.708Z] >>> [apiv2][body] POST https://cloudresourcemanager.googleapis.com/v1/projects {"projectId":"uncrice","name":"uncrice"}
[debug] [2025-03-19T21:34:00.815Z] <<< [apiv2][status] POST https://cloudresourcemanager.googleapis.com/v1/projects 401
[debug] [2025-03-19T21:34:00.815Z] <<< [apiv2][body] POST https://cloudresourcemanager.googleapis.com/v1/projects {"error":{"code":401,"message":"Request had invalid authentication credentials. Expected OAuth 2 access token, login cookie or other valid authentication credential. See https://developers.google.com/identity/sign-in/web/devconsole-project.","status":"UNAUTHENTICATED","details":[{"@type":"type.googleapis.com/google.rpc.ErrorInfo","reason":"ACCESS_TOKEN_TYPE_UNSUPPORTED","metadata":{"service":"cloudresourcemanager.googleapis.com","method":"google.cloudresourcemanager.v1.Projects.CreateProject"}}]}}
[debug] [2025-03-19T21:34:00.815Z] Got a 401 Unauthenticated error for a call that required authentication. Refreshing tokens.
[debug] [2025-03-19T21:34:00.815Z] Checked if tokens are valid: false, expires at: 1731183430804
[debug] [2025-03-19T21:34:00.815Z] Checked if tokens are valid: false, expires at: 1731183430804
[debug] [2025-03-19T21:34:00.815Z] > refreshing access token with scopes: []
[debug] [2025-03-19T21:34:00.815Z] >>> [apiv2][query] POST https://www.googleapis.com/oauth2/v3/token [none]
[debug] [2025-03-19T21:34:00.815Z] >>> [apiv2][body] POST https://www.googleapis.com/oauth2/v3/token [omitted]
[debug] [2025-03-19T21:34:00.861Z] <<< [apiv2][status] POST https://www.googleapis.com/oauth2/v3/token 400
[debug] [2025-03-19T21:34:00.861Z] <<< [apiv2][body] POST https://www.googleapis.com/oauth2/v3/token [omitted]
[debug] [2025-03-19T21:34:00.928Z] FirebaseError: Request to https://cloudresourcemanager.googleapis.com/v1/projects had HTTP Error: 401, Request had invalid authentication credentials. Expected OAuth 2 access token, login cookie or other valid authentication credential. See https://developers.google.com/identity/sign-in/web/devconsole-project.
    at responseToError (/Users/jimnguyen/.nvm/versions/node/v17.9.1/lib/node_modules/firebase-tools/lib/responseToError.js:52:12)
    at RetryOperation._fn (/Users/jimnguyen/.nvm/versions/node/v17.9.1/lib/node_modules/firebase-tools/lib/apiv2.js:312:77)
    at process.processTicksAndRejections (node:internal/process/task_queues:105:5)
[error] 
[error] Error: Failed to create project. See firebase-debug.log for more info.
[debug] [2025-03-19T21:34:08.608Z] ----------------------------------------------------------------------
[debug] [2025-03-19T21:34:08.610Z] Command:       /Users/jimnguyen/.nvm/versions/node/v22.14.0/bin/node /Users/jimnguyen/.nvm/versions/node/v17.9.1/bin/firebase init
[debug] [2025-03-19T21:34:08.610Z] CLI Version:   13.34.0
[debug] [2025-03-19T21:34:08.610Z] Platform:      darwin
[debug] [2025-03-19T21:34:08.610Z] Node Version:  v22.14.0
[debug] [2025-03-19T21:34:08.611Z] Time:          Wed Mar 19 2025 17:34:08 GMT-0400 (Eastern Daylight Time)
[debug] [2025-03-19T21:34:08.611Z] ----------------------------------------------------------------------
[debug] 
[debug] [2025-03-19T21:34:08.614Z] > command requires scopes: ["email","openid","https://www.googleapis.com/auth/cloudplatformprojects.readonly","https://www.googleapis.com/auth/firebase","https://www.googleapis.com/auth/cloud-platform"]
[debug] [2025-03-19T21:34:08.614Z] > authorizing via signed-in user (jimbcis@gmail.com)
[info] 
     ######## #### ########  ######## ########     ###     ######  ########
     ##        ##  ##     ## ##       ##     ##  ##   ##  ##       ##
     ######    ##  ########  ######   ########  #########  ######  ######
     ##        ##  ##    ##  ##       ##     ## ##     ##       ## ##
     ##       #### ##     ## ######## ########  ##     ##  ######  ########

You're about to initialize a Firebase project in this directory:

  /Users/jimnguyen/Desktop/Data Science/unc-purity-test

[info] 
=== Project Setup
[info] 
[info] First, let's associate this project directory with a Firebase project.
[info] You can create multiple project aliases by running firebase use --add, 
[info] but for now we'll just set up a default project.
[info] 
[debug] [2025-03-19T21:34:16.797Z] Checked if tokens are valid: false, expires at: 1731183430804
[debug] [2025-03-19T21:34:16.797Z] Checked if tokens are valid: false, expires at: 1731183430804
[debug] [2025-03-19T21:34:16.798Z] > refreshing access token with scopes: []
[debug] [2025-03-19T21:34:16.799Z] >>> [apiv2][query] POST https://www.googleapis.com/oauth2/v3/token [none]
[debug] [2025-03-19T21:34:16.799Z] >>> [apiv2][body] POST https://www.googleapis.com/oauth2/v3/token [omitted]
[debug] [2025-03-19T21:34:16.923Z] <<< [apiv2][status] POST https://www.googleapis.com/oauth2/v3/token 400
[debug] [2025-03-19T21:34:16.923Z] <<< [apiv2][body] POST https://www.googleapis.com/oauth2/v3/token [omitted]
[debug] [2025-03-19T21:34:16.923Z] >>> [apiv2][query] GET https://firebase.googleapis.com/v1beta1/projects pageSize=100
[debug] [2025-03-19T21:34:17.142Z] <<< [apiv2][status] GET https://firebase.googleapis.com/v1beta1/projects 401
[debug] [2025-03-19T21:34:17.142Z] <<< [apiv2][body] GET https://firebase.googleapis.com/v1beta1/projects [omitted]
[debug] [2025-03-19T21:34:17.142Z] Got a 401 Unauthenticated error for a call that required authentication. Refreshing tokens.
[debug] [2025-03-19T21:34:17.142Z] Checked if tokens are valid: false, expires at: 1731183430804
[debug] [2025-03-19T21:34:17.142Z] Checked if tokens are valid: false, expires at: 1731183430804
[debug] [2025-03-19T21:34:17.142Z] > refreshing access token with scopes: []
[debug] [2025-03-19T21:34:17.143Z] >>> [apiv2][query] POST https://www.googleapis.com/oauth2/v3/token [none]
[debug] [2025-03-19T21:34:17.143Z] >>> [apiv2][body] POST https://www.googleapis.com/oauth2/v3/token [omitted]
[debug] [2025-03-19T21:34:17.199Z] <<< [apiv2][status] POST https://www.googleapis.com/oauth2/v3/token 400
[debug] [2025-03-19T21:34:17.199Z] <<< [apiv2][body] POST https://www.googleapis.com/oauth2/v3/token [omitted]
[debug] [2025-03-19T21:34:17.200Z] Request to https://firebase.googleapis.com/v1beta1/projects?pageSize=100 had HTTP Error: 401, Request had invalid authentication credentials. Expected OAuth 2 access token, login cookie or other valid authentication credential. See https://developers.google.com/identity/sign-in/web/devconsole-project.
[debug] [2025-03-19T21:34:17.258Z] FirebaseError: Request to https://firebase.googleapis.com/v1beta1/projects?pageSize=100 had HTTP Error: 401, Request had invalid authentication credentials. Expected OAuth 2 access token, login cookie or other valid authentication credential. See https://developers.google.com/identity/sign-in/web/devconsole-project.
    at responseToError (/Users/jimnguyen/.nvm/versions/node/v17.9.1/lib/node_modules/firebase-tools/lib/responseToError.js:52:12)
    at RetryOperation._fn (/Users/jimnguyen/.nvm/versions/node/v17.9.1/lib/node_modules/firebase-tools/lib/apiv2.js:312:77)
    at process.processTicksAndRejections (node:internal/process/task_queues:105:5)
[error] 
[error] Error: Failed to list Firebase projects. See firebase-debug.log for more info.
